[1110/151445.698:ERROR:audio_rtp_receiver.cc(89)] AudioRtpReceiver::OnSetVolume: No audio channel exists.
[1110/151445.700:WARNING:used_ids.h(55)] Duplicate id found. Reassigning from 104 to 127
[1110/151445.700:WARNING:used_ids.h(55)] Duplicate id found. Reassigning from 102 to 125
[1110/151445.700:WARNING:used_ids.h(55)] Duplicate id found. Reassigning from 104 to 124
[1110/151445.700:WARNING:used_ids.h(55)] Duplicate id found. Reassigning from 106 to 123
[1110/151445.700:WARNING:used_ids.h(55)] Duplicate id found. Reassigning from 103 to 122
[1110/151445.700:WARNING:used_ids.h(55)] Duplicate id found. Reassigning from 105 to 121
[1110/151445.700:WARNING:used_ids.h(55)] Duplicate id found. Reassigning from 109 to 120
[1110/151445.700:WARNING:used_ids.h(55)] Duplicate id found. Reassigning from 1 to 14
[1110/151445.700:WARNING:used_ids.h(55)] Duplicate id found. Reassigning from 3 to 13
[1110/151445.700:WARNING:used_ids.h(55)] Duplicate id found. Reassigning from 5 to 12
[1110/151445.700:WARNING:used_ids.h(55)] Duplicate id found. Reassigning from 6 to 11
[1110/151507.576:ERROR:audio_rtp_receiver.cc(89)] AudioRtpReceiver::OnSetVolume: No audio channel exists.
[1110/151507.576:WARNING:used_ids.h(55)] Duplicate id found. Reassigning from 104 to 127
[1110/151507.576:WARNING:used_ids.h(55)] Duplicate id found. Reassigning from 102 to 125
[1110/151507.576:WARNING:used_ids.h(55)] Duplicate id found. Reassigning from 104 to 124
[1110/151507.576:WARNING:used_ids.h(55)] Duplicate id found. Reassigning from 106 to 123
[1110/151507.577:WARNING:used_ids.h(55)] Duplicate id found. Reassigning from 103 to 122
[1110/151507.577:WARNING:used_ids.h(55)] Duplicate id found. Reassigning from 105 to 121
[1110/151507.577:WARNING:used_ids.h(55)] Duplicate id found. Reassigning from 109 to 120
[1110/151507.577:WARNING:used_ids.h(55)] Duplicate id found. Reassigning from 1 to 14
[1110/151507.577:WARNING:used_ids.h(55)] Duplicate id found. Reassigning from 3 to 13
[1110/151507.577:WARNING:used_ids.h(55)] Duplicate id found. Reassigning from 5 to 12
[1110/151507.577:WARNING:used_ids.h(55)] Duplicate id found. Reassigning from 6 to 11
[1110/151511.086:ERROR:batching_media_log.cc(38)] MediaEvent: {"error":"FFmpegDemuxer: no supported streams"}
[1110/151511.088:ERROR:batching_media_log.cc(35)] MediaEvent: {"pipeline_error":14}
[1110/151511.131:ERROR:batching_media_log.cc(38)] MediaEvent: {"error":"FFmpegDemuxer: no supported streams"}
[1110/151511.131:ERROR:batching_media_log.cc(35)] MediaEvent: {"pipeline_error":14}
[1115/155355.758:ERROR:batching_media_log.cc(38)] MediaEvent: {"error":"FFmpegDemuxer: no supported streams"}
[1115/155355.759:ERROR:batching_media_log.cc(35)] MediaEvent: {"pipeline_error":14}
[1115/155355.775:ERROR:batching_media_log.cc(38)] MediaEvent: {"error":"FFmpegDemuxer: no supported streams"}
[1115/155355.775:ERROR:batching_media_log.cc(35)] MediaEvent: {"pipeline_error":14}
[1115/155355.792:WARNING:spdy_session.cc(3365)] Received HEADERS for invalid stream 35
